# JRE version: OpenJDK Runtime Environment (8.0_181-b13) (build 1.8.0_181-8u181-b13-0ubuntu0.16.04.1-b13)
# Java VM: OpenJDK 64-Bit Server VM (25.181-b13 mixed mode linux-amd64 compressed oops)
Heap:
 def new generation   total 50048K, used 37421K [0x00000000c0000000, 0x00000000c3640000, 0x00000000d5550000)
  eden space 44544K,  82% used [0x00000000c0000000, 0x00000000c23e8638, 0x00000000c2b80000)
  from space 5504K,  11% used [0x00000000c30e0000, 0x00000000c3182e10, 0x00000000c3640000)
  to   space 5504K,   2% used [0x00000000c2b80000, 0x00000000c2b9c080, 0x00000000c30e0000)
 tenured generation   total 127420K, used 116908K [0x00000000d5550000, 0x00000000dd1bf000, 0x0000000100000000)
   the space 127420K,  91% used [0x00000000d5550000, 0x00000000dc77b318, 0x00000000dc77b400, 0x00000000dd1bf000)
 Metaspace       used 63042K, capacity 63606K, committed 63960K, reserved 1103872K
  class space    used 9193K, capacity 9359K, committed 9432K, reserved 1048576K
GC Heap History (10 events):
Event: 124.838 GC heap after
Heap after GC invocations=145 (full 5):
 def new generation   total 23936K, used 2128K [0x00000000c0000000, 0x00000000c19f0000, 0x00000000d5550000)
  eden space 21312K,   0% used [0x00000000c0000000, 0x00000000c0000000, 0x00000000c14d0000)
  from space 2624K,  81% used [0x00000000c1760000, 0x00000000c1974330, 0x00000000c19f0000)
  to   space 2624K,   0% used [0x00000000c14d0000, 0x00000000c14d0000, 0x00000000c1760000)
 tenured generation   total 53044K, used 34818K [0x00000000d5550000, 0x00000000d891d000, 0x0000000100000000)
   the space 53044K,  65% used [0x00000000d5550000, 0x00000000d7750b00, 0x00000000d7750c00, 0x00000000d891d000)
 Metaspace       used 62035K, capacity 62582K, committed 62808K, reserved 1103872K
  class space    used 9049K, capacity 9193K, committed 9304K, reserved 1048576K
}
Event: 124.873 GC heap before
{Heap before GC invocations=145 (full 5):
 def new generation   total 23936K, used 20449K [0x00000000c0000000, 0x00000000c19f0000, 0x00000000d5550000)
  eden space 21312K,  85% used [0x00000000c0000000, 0x00000000c11e4100, 0x00000000c14d0000)
  from space 2624K,  81% used [0x00000000c1760000, 0x00000000c1974330, 0x00000000c19f0000)
  to   space 2624K,   0% used [0x00000000c14d0000, 0x00000000c14d0000, 0x00000000c1760000)
 tenured generation   total 53044K, used 34818K [0x00000000d5550000, 0x00000000d891d000, 0x0000000100000000)
   the space 53044K,  65% used [0x00000000d5550000, 0x00000000d7750b00, 0x00000000d7750c00, 0x00000000d891d000)
 Metaspace       used 62035K, capacity 62582K, committed 62808K, reserved 1103872K
  class space    used 9049K, capacity 9193K, committed 9304K, reserved 1048576K
Event: 124.952 GC heap after
Heap after GC invocations=146 (full 6):
 def new generation   total 34496K, used 0K [0x00000000c0000000, 0x00000000c2560000, 0x00000000d5550000)
  eden space 30720K,   0% used [0x00000000c0000000, 0x00000000c0000000, 0x00000000c1e00000)
  from space 3776K,   0% used [0x00000000c1e00000, 0x00000000c1e00000, 0x00000000c21b0000)
  to   space 3776K,   0% used [0x00000000c21b0000, 0x00000000c21b0000, 0x00000000c2560000)
 tenured generation   total 76396K, used 45836K [0x00000000d5550000, 0x00000000d9feb000, 0x0000000100000000)
   the space 76396K,  59% used [0x00000000d5550000, 0x00000000d8213058, 0x00000000d8213200, 0x00000000d9feb000)
 Metaspace       used 62035K, capacity 62582K, committed 62808K, reserved 1103872K
  class space    used 9049K, capacity 9193K, committed 9304K, reserved 1048576K
}
Event: 125.000 GC heap before
{Heap before GC invocations=146 (full 6):
 def new generation   total 34496K, used 28837K [0x00000000c0000000, 0x00000000c2560000, 0x00000000d5550000)
  eden space 30720K,  93% used [0x00000000c0000000, 0x00000000c1c29658, 0x00000000c1e00000)
  from space 3776K,   0% used [0x00000000c1e00000, 0x00000000c1e00000, 0x00000000c21b0000)
  to   space 3776K,   0% used [0x00000000c21b0000, 0x00000000c21b0000, 0x00000000c2560000)
 tenured generation   total 76396K, used 45836K [0x00000000d5550000, 0x00000000d9feb000, 0x0000000100000000)
   the space 76396K,  59% used [0x00000000d5550000, 0x00000000d8213058, 0x00000000d8213200, 0x00000000d9feb000)
 Metaspace       used 62062K, capacity 62684K, committed 62808K, reserved 1103872K
  class space    used 9055K, capacity 9226K, committed 9304K, reserved 1048576K
Event: 125.028 GC heap after
Heap after GC invocations=147 (full 6):
 def new generation   total 34496K, used 2220K [0x00000000c0000000, 0x00000000c2560000, 0x00000000d5550000)
  eden space 30720K,   0% used [0x00000000c0000000, 0x00000000c0000000, 0x00000000c1e00000)
  from space 3776K,  58% used [0x00000000c21b0000, 0x00000000c23db170, 0x00000000c2560000)
  to   space 3776K,   0% used [0x00000000c1e00000, 0x00000000c1e00000, 0x00000000c21b0000)
 tenured generation   total 76396K, used 69788K [0x00000000d5550000, 0x00000000d9feb000, 0x0000000100000000)
   the space 76396K,  91% used [0x00000000d5550000, 0x00000000d9977068, 0x00000000d9977200, 0x00000000d9feb000)
 Metaspace       used 62062K, capacity 62684K, committed 62808K, reserved 1103872K
  class space    used 9055K, capacity 9226K, committed 9304K, reserved 1048576K
}
Event: 125.042 GC heap before
{Heap before GC invocations=147 (full 6):
 def new generation   total 34496K, used 15902K [0x00000000c0000000, 0x00000000c2560000, 0x00000000d5550000)
  eden space 30720K,  44% used [0x00000000c0000000, 0x00000000c0d5ca10, 0x00000000c1e00000)
  from space 3776K,  58% used [0x00000000c21b0000, 0x00000000c23db170, 0x00000000c2560000)
  to   space 3776K,   0% used [0x00000000c1e00000, 0x00000000c1e00000, 0x00000000c21b0000)
 tenured generation   total 76396K, used 69788K [0x00000000d5550000, 0x00000000d9feb000, 0x0000000100000000)
   the space 76396K,  91% used [0x00000000d5550000, 0x00000000d9977068, 0x00000000d9977200, 0x00000000d9feb000)
 Metaspace       used 62062K, capacity 62684K, committed 62808K, reserved 1103872K
  class space    used 9055K, capacity 9226K, committed 9304K, reserved 1048576K
Event: 125.111 GC heap after
Heap after GC invocations=148 (full 7):
 def new generation   total 50048K, used 0K [0x00000000c0000000, 0x00000000c3640000, 0x00000000d5550000)
  eden space 44544K,   0% used [0x00000000c0000000, 0x00000000c0000000, 0x00000000c2b80000)
  from space 5504K,   0% used [0x00000000c2b80000, 0x00000000c2b80000, 0x00000000c30e0000)
  to   space 5504K,   0% used [0x00000000c30e0000, 0x00000000c30e0000, 0x00000000c3640000)
 tenured generation   total 110952K, used 66569K [0x00000000d5550000, 0x00000000dc1aa000, 0x0000000100000000)
   the space 110952K,  59% used [0x00000000d5550000, 0x00000000d9652568, 0x00000000d9652600, 0x00000000dc1aa000)
 Metaspace       used 62062K, capacity 62684K, committed 62808K, reserved 1103872K
  class space    used 9055K, capacity 9226K, committed 9304K, reserved 1048576K
}
Event: 125.278 GC heap before
{Heap before GC invocations=148 (full 7):
 def new generation   total 50048K, used 44544K [0x00000000c0000000, 0x00000000c3640000, 0x00000000d5550000)
  eden space 44544K, 100% used [0x00000000c0000000, 0x00000000c2b80000, 0x00000000c2b80000)
  from space 5504K,   0% used [0x00000000c2b80000, 0x00000000c2b80000, 0x00000000c30e0000)
  to   space 5504K,   0% used [0x00000000c30e0000, 0x00000000c30e0000, 0x00000000c3640000)
 tenured generation   total 110952K, used 66569K [0x00000000d5550000, 0x00000000dc1aa000, 0x0000000100000000)
   the space 110952K,  59% used [0x00000000d5550000, 0x00000000d9652568, 0x00000000d9652600, 0x00000000dc1aa000)
 Metaspace       used 62827K, capacity 63446K, committed 63704K, reserved 1103872K
  class space    used 9165K, capacity 9327K, committed 9432K, reserved 1048576K
Event: 125.343 GC heap after
Heap after GC invocations=149 (full 7):
 def new generation   total 50048K, used 651K [0x00000000c0000000, 0x00000000c3640000, 0x00000000d5550000)
  eden space 44544K,   0% used [0x00000000c0000000, 0x00000000c0000000, 0x00000000c2b80000)
  from space 5504K,  11% used [0x00000000c30e0000, 0x00000000c3182e10, 0x00000000c3640000)
  to   space 5504K,   0% used [0x00000000c2b80000, 0x00000000c2b80000, 0x00000000c30e0000)
 tenured generation   total 110952K, used 100441K [0x00000000d5550000, 0x00000000dc1aa000, 0x0000000100000000)
   the space 110952K,  90% used [0x00000000d5550000, 0x00000000db766588, 0x00000000db766600, 0x00000000dc1aa000)
 Metaspace       used 62827K, capacity 63446K, committed 63704K, reserved 1103872K
  class space    used 9165K, capacity 9327K, committed 9432K, reserved 1048576K
}
Event: 125.728 GC heap before
{Heap before GC invocations=149 (full 7):
 def new generation   total 50048K, used 37421K [0x00000000c0000000, 0x00000000c3640000, 0x00000000d5550000)
  eden space 44544K,  82% used [0x00000000c0000000, 0x00000000c23e8638, 0x00000000c2b80000)
  from space 5504K,  11% used [0x00000000c30e0000, 0x00000000c3182e10, 0x00000000c3640000)
  to   space 5504K,   0% used [0x00000000c2b80000, 0x00000000c2b80000, 0x00000000c30e0000)
 tenured generation   total 110952K, used 100441K [0x00000000d5550000, 0x00000000dc1aa000, 0x0000000100000000)
   the space 110952K,  90% used [0x00000000d5550000, 0x00000000db766588, 0x00000000db766600, 0x00000000dc1aa000)
 Metaspace       used 63042K, capacity 63606K, committed 63960K, reserved 1103872K
  class space    used 9193K, capacity 9359K, committed 9432K, reserved 1048576K

